0 silly argv {
0 silly argv   _: [ 'bootstrap' ],
0 silly argv   lernaVersion: '4.0.0',
0 silly argv   '$0': '/Users/alonm/WebstormProjects/notes-application/node_modules/.bin/lerna'
0 silly argv }
1 notice cli v4.0.0
2 verbose rootPath /Users/alonm/WebstormProjects/notes-application
3 error JSONError: Unexpected token "}" (0x7D) in JSON at position 185 while parsing near "...nt && npm start\",\n  },\n  \"author\": \"Alon..." in packages/server/package.json
3 error
3 error [0m [90m  7 |[39m     [32m"server"[39m[33m:[39m [32m"nodemon index.js"[39m[33m,[39m[0m
3 error [0m [90m  8 |[39m     [32m"client"[39m[33m:[39m [32m"cd client && npm start"[39m[33m,[39m[0m
3 error [0m[31m[1m>[22m[39m[90m  9 |[39m   }[33m,[39m[0m
3 error [0m [90m    |[39m   [31m[1m^[22m[39m[0m
3 error [0m [90m 10 |[39m   [32m"author"[39m[33m:[39m [32m"Alon Melanker"[39m[33m,[39m[0m
3 error [0m [90m 11 |[39m   [32m"license"[39m[33m:[39m [32m"ISC"[39m[33m,[39m[0m
3 error [0m [90m 12 |[39m   [32m"dependencies"[39m[33m:[39m {[0m
3 error
3 error     at parseJson (/Users/alonm/WebstormProjects/notes-application/node_modules/parse-json/index.js:29:21)
3 error     at parse (/Users/alonm/WebstormProjects/notes-application/node_modules/load-json-file/index.js:15:9)
3 error     at module.exports (/Users/alonm/WebstormProjects/notes-application/node_modules/load-json-file/index.js:18:47)
